Copyright 1986-2022 Xilinx, Inc. All Rights Reserved. Copyright 2022-2024 Advanced Micro Devices, Inc. All Rights Reserved.
---------------------------------------------------------------------------------------------------------------------------------------------
| Tool Version : Vivado v.2024.2 (win64) Build 5239630 Fri Nov 08 22:35:27 MST 2024
| Date         : Fri Jan  3 11:41:02 2025
| Host         : LAPTOP-SEGSJK94 running 64-bit major release  (build 9200)
| Command      : report_clock_utilization -file SOC_wrapper_clock_utilization_routed.rpt
| Design       : SOC_wrapper
| Device       : 7vx485t-ffg1761
| Speed File   : -2  PRODUCTION 1.12 2014-09-11
| Design State : Routed
---------------------------------------------------------------------------------------------------------------------------------------------

Clock Utilization Report

Table of Contents
-----------------
1. Clock Primitive Utilization
2. Global Clock Resources
3. Global Clock Source Details
4. Local Clock Details
5. Clock Regions: Key Resource Utilization
6. Clock Regions : Global Clock Summary
7. Device Cell Placement Summary for Global Clock g0
8. Device Cell Placement Summary for Global Clock g1
9. Device Cell Placement Summary for Global Clock g2
10. Device Cell Placement Summary for Global Clock g3
11. Device Cell Placement Summary for Global Clock g4
12. Device Cell Placement Summary for Global Clock g5
13. Device Cell Placement Summary for Global Clock g6
14. Device Cell Placement Summary for Global Clock g7
15. Device Cell Placement Summary for Global Clock g8
16. Device Cell Placement Summary for Global Clock g9
17. Clock Region Cell Placement per Global Clock: Region X0Y2
18. Clock Region Cell Placement per Global Clock: Region X0Y3
19. Clock Region Cell Placement per Global Clock: Region X1Y3
20. Clock Region Cell Placement per Global Clock: Region X0Y4
21. Clock Region Cell Placement per Global Clock: Region X1Y4
22. Clock Region Cell Placement per Global Clock: Region X0Y5
23. Clock Region Cell Placement per Global Clock: Region X1Y5
24. Clock Region Cell Placement per Global Clock: Region X0Y6
25. Clock Region Cell Placement per Global Clock: Region X1Y6

1. Clock Primitive Utilization
------------------------------

+----------+------+-----------+-----+--------------+--------+
| Type     | Used | Available | LOC | Clock Region | Pblock |
+----------+------+-----------+-----+--------------+--------+
| BUFGCTRL |    9 |        32 |   0 |            0 |      0 |
| BUFH     |    1 |       168 |   0 |            0 |      0 |
| BUFIO    |    0 |        56 |   0 |            0 |      0 |
| BUFMR    |    0 |        28 |   0 |            0 |      0 |
| BUFR     |    0 |        56 |   0 |            0 |      0 |
| MMCM     |    2 |        14 |   1 |            0 |      0 |
| PLL      |    1 |        14 |   1 |            0 |      0 |
+----------+------+-----------+-----+--------------+--------+


2. Global Clock Resources
-------------------------

+-----------+-----------+-----------------+------------+----------------+--------------+-------------------+-------------+-----------------+--------------+--------------------------------------------------------------------------------------------+------------------------------------------------------------------------------------------------------------------+--------------------------------------------------------------------------------------------------------------------+
| Global Id | Source Id | Driver Type/Pin | Constraint | Site           | Clock Region | Load Clock Region | Clock Loads | Non-Clock Loads | Clock Period | Clock                                                                                      | Driver Pin                                                                                                       | Net                                                                                                                |
+-----------+-----------+-----------------+------------+----------------+--------------+-------------------+-------------+-----------------+--------------+--------------------------------------------------------------------------------------------+------------------------------------------------------------------------------------------------------------------+--------------------------------------------------------------------------------------------------------------------+
| g0        | src0      | BUFG/O          | None       | BUFGCTRL_X0Y18 | n/a          |                 8 |       21654 |               0 |       10.000 | mmcm_clkout0                                                                               | SOC_i/mig_7series_0/u_SOC_mig_7series_0_0_mig/u_ddr3_infrastructure/gen_ui_extra_clocks.u_bufg_ui_addn_clk_0/O   | SOC_i/mig_7series_0/u_SOC_mig_7series_0_0_mig/u_ddr3_infrastructure/ui_addn_clk_0                                  |
| g1        | src1      | BUFG/O          | None       | BUFGCTRL_X0Y16 | n/a          |                 5 |       12065 |               0 |        5.000 | clk_pll_i                                                                                  | SOC_i/mig_7series_0/u_SOC_mig_7series_0_0_mig/u_ddr3_infrastructure/u_bufg_clkdiv0/O                             | SOC_i/mig_7series_0/u_SOC_mig_7series_0_0_mig/u_ddr3_infrastructure/u_bufg_clkdiv0_0                               |
| g2        | src2      | BUFGCTRL/O      | None       | BUFGCTRL_X0Y1  | n/a          |                 2 |         331 |               0 |       33.333 | SOC_i/mdm_1/U0/Use_E2.BSCAN_I/Use_E2.BSCANE2_I/TCK                                         | SOC_i/mdm_1/U0/MDM_Core_I1/JTAG_CONTROL_I/Test_Access_Port.BUFG_DRCK/Using_FPGA.Native/O                         | SOC_i/mdm_1/U0/MDM_Core_I1/JTAG_CONTROL_I/Test_Access_Port.BUFG_DRCK/Using_FPGA.Native_0                           |
| g2        | src3      | BUFGCTRL/O      | None       | BUFGCTRL_X0Y1  | n/a          |                 2 |         331 |               0 |       33.333 | SOC_i/mdm_1/U0/Use_E2.BSCAN_I/Use_E2.BSCANE2_I/TCK                                         | SOC_i/mdm_1/U0/MDM_Core_I1/JTAG_CONTROL_I/Test_Access_Port.BUFG_DRCK/Using_FPGA.Native/O                         | SOC_i/mdm_1/U0/MDM_Core_I1/JTAG_CONTROL_I/Test_Access_Port.BUFG_DRCK/Using_FPGA.Native_0                           |
| g3        | src4      | BUFG/O          | None       | BUFGCTRL_X0Y3  | n/a          |                 2 |         176 |               0 |       66.666 | SOC_i/mdm_1/U0/MDM_Core_I1/JTAG_CONTROL_I/Test_Access_Port.BUFG_UPDATE/Using_FPGA.Native/O | SOC_i/mdm_1/U0/MDM_Core_I1/JTAG_CONTROL_I/Test_Access_Port.BUFG_UPDATE/Using_FPGA.Native/O                       | SOC_i/mdm_1/U0/MDM_Core_I1/JTAG_CONTROL_I/Test_Access_Port.BUFG_UPDATE/Using_FPGA.Native_0                         |
| g4        | src2      | BUFG/O          | None       | BUFGCTRL_X0Y4  | n/a          |                 2 |          51 |               0 |       33.333 | SOC_i/mdm_1/U0/Use_E2.BSCAN_I/Use_E2.BSCANE2_I/TCK                                         | SOC_i/mdm_1/U0/Use_E2.BSCAN_I/tck_BUFG_inst/O                                                                    | SOC_i/mdm_1/U0/Use_E2.BSCAN_I/tck_BUFG                                                                             |
| g5        | src2      | BUFGCTRL/O      | None       | BUFGCTRL_X0Y2  | n/a          |                 2 |          32 |               0 |       33.333 | SOC_i/mdm_1/U0/Use_E2.BSCAN_I/Use_E2.BSCANE2_I/TCK                                         | SOC_i/mdm_1/U0/Use_JTAG_BSCAN.BUFG_JTAG_TCK/Using_FPGA.Native/O                                                  | SOC_i/mdm_1/U0/Use_JTAG_BSCAN.BUFG_JTAG_TCK/Use_JTAG_BSCAN.tck_int                                                 |
| g6        | src5      | BUFG/O          | None       | BUFGCTRL_X0Y19 | n/a          |                 2 |          46 |               0 |        5.000 | sys_diff_clock_clk_p                                                                       | SOC_i/mig_7series_0/u_SOC_mig_7series_0_0_mig/u_iodelay_ctrl/clk_ref_200.u_bufg_clk_ref/O                        | SOC_i/mig_7series_0/u_SOC_mig_7series_0_0_mig/u_iodelay_ctrl/CLK                                                   |
| g7        | src6      | BUFG/O          | None       | BUFGCTRL_X0Y17 | n/a          |                 3 |          22 |               0 |       10.000 | mmcm_ps_clk_bufg_in                                                                        | SOC_i/mig_7series_0/u_SOC_mig_7series_0_0_mig/u_ddr3_infrastructure/gen_ui_extra_clocks.u_bufg_mmcm_ps_clk/O     | SOC_i/mig_7series_0/u_SOC_mig_7series_0_0_mig/u_ddr3_infrastructure/mmcm_ps_clk                                    |
| g8        | src7      | BUFG/O          | None       | BUFGCTRL_X0Y0  | n/a          |                 3 |          17 |               0 |        2.500 | clk_ref_mmcm_400                                                                           | SOC_i/mig_7series_0/u_SOC_mig_7series_0_0_mig/u_iodelay_ctrl/clk_ref_300_400_en.clk_ref_400.u_bufg_clk_ref_400/O | SOC_i/mig_7series_0/u_SOC_mig_7series_0_0_mig/u_iodelay_ctrl/clk_ref_300_400_en.clk_ref_400.u_bufg_clk_ref_400_n_0 |
| g9        | src8      | BUFH/O          | None       | BUFHCE_X1Y60   | X1Y5         |                 1 |           1 |               0 |        5.000 | pll_clk3_out                                                                               | SOC_i/mig_7series_0/u_SOC_mig_7series_0_0_mig/u_ddr3_infrastructure/u_bufh_pll_clk3/O                            | SOC_i/mig_7series_0/u_SOC_mig_7series_0_0_mig/u_ddr3_infrastructure/pll_clk3                                       |
+-----------+-----------+-----------------+------------+----------------+--------------+-------------------+-------------+-----------------+--------------+--------------------------------------------------------------------------------------------+------------------------------------------------------------------------------------------------------------------+--------------------------------------------------------------------------------------------------------------------+
* Clock Loads column represents cell count of net connects that connect to a clock pin. Internal cell leaf pins are not considered
** Non-Clock Loads column represents cell count of non-clock pin loads


3. Global Clock Source Details
------------------------------

+-----------+-----------+---------------------+-----------------+-----------------+--------------+-------------+-----------------+---------------------+----------------------------------------------------+---------------------------------------------------------------------------------------------------------+-----------------------------------------------------------------------------------------+
| Source Id | Global Id | Driver Type/Pin     | Constraint      | Site            | Clock Region | Clock Loads | Non-Clock Loads | Source Clock Period | Source Clock                                       | Driver Pin                                                                                              | Net                                                                                     |
+-----------+-----------+---------------------+-----------------+-----------------+--------------+-------------+-----------------+---------------------+----------------------------------------------------+---------------------------------------------------------------------------------------------------------+-----------------------------------------------------------------------------------------+
| src0      | g0        | MMCME2_ADV/CLKOUT0  | MMCME2_ADV_X1Y5 | MMCME2_ADV_X1Y5 | X1Y5         |           1 |               0 |              10.000 | mmcm_clkout0                                       | SOC_i/mig_7series_0/u_SOC_mig_7series_0_0_mig/u_ddr3_infrastructure/gen_ui_extra_clocks.mmcm_i/CLKOUT0  | SOC_i/mig_7series_0/u_SOC_mig_7series_0_0_mig/u_ddr3_infrastructure/mmcm_clkout0        |
| src1      | g1        | MMCME2_ADV/CLKFBOUT | MMCME2_ADV_X1Y5 | MMCME2_ADV_X1Y5 | X1Y5         |           1 |               0 |               5.000 | clk_pll_i                                          | SOC_i/mig_7series_0/u_SOC_mig_7series_0_0_mig/u_ddr3_infrastructure/gen_ui_extra_clocks.mmcm_i/CLKFBOUT | SOC_i/mig_7series_0/u_SOC_mig_7series_0_0_mig/u_ddr3_infrastructure/clk_pll_i           |
| src2      | g2        | BUFGCTRL/O          | None            | BUFGCTRL_X0Y2   | n/a          |          32 |               0 |              33.333 | SOC_i/mdm_1/U0/Use_E2.BSCAN_I/Use_E2.BSCANE2_I/TCK | SOC_i/mdm_1/U0/Use_JTAG_BSCAN.BUFG_JTAG_TCK/Using_FPGA.Native/O                                         | SOC_i/mdm_1/U0/Use_JTAG_BSCAN.BUFG_JTAG_TCK/Use_JTAG_BSCAN.tck_int                      |
| src2      | g4        | BSCANE2/TCK         | None            | BSCAN_X0Y1      | X0Y1         |           2 |               0 |              33.333 | SOC_i/mdm_1/U0/Use_E2.BSCAN_I/Use_E2.BSCANE2_I/TCK | SOC_i/mdm_1/U0/Use_E2.BSCAN_I/Use_E2.BSCANE2_I/TCK                                                      | SOC_i/mdm_1/U0/Use_E2.BSCAN_I/tck                                                       |
| src2      | g5        | BSCANE2/TCK         | None            | BSCAN_X0Y1      | X0Y1         |           2 |               0 |              33.333 | SOC_i/mdm_1/U0/Use_E2.BSCAN_I/Use_E2.BSCANE2_I/TCK | SOC_i/mdm_1/U0/Use_E2.BSCAN_I/Use_E2.BSCANE2_I/TCK                                                      | SOC_i/mdm_1/U0/Use_E2.BSCAN_I/tck                                                       |
| src3      | g2        | VCC/P               | None            |                 | n/a          |           0 |               0 |                     |                                                    | SOC_i/mdm_1/U0/MDM_Core_I1/JTAG_CONTROL_I/Test_Access_Port.BUFG_DRCK/VCC/P                              | SOC_i/mdm_1/U0/MDM_Core_I1/JTAG_CONTROL_I/Test_Access_Port.BUFG_DRCK/VCC_1              |
| src4      | g3        | FDRE/Q              | None            | SLICE_X118Y202  | X1Y4         |           1 |               0 |                     |                                                    | SOC_i/mdm_1/U0/MDM_Core_I1/JTAG_CONTROL_I/Test_Access_Port.update_unbuf_reg/Q                           | SOC_i/mdm_1/U0/MDM_Core_I1/JTAG_CONTROL_I/Test_Access_Port.update_unbuf                 |
| src5      | g6        | IBUFDS/O            | IOB_X1Y276      | IOB_X1Y276      | X1Y5         |           3 |               0 |               5.000 | sys_diff_clock_clk_p                               | SOC_i/mig_7series_0/u_SOC_mig_7series_0_0_mig/u_ddr3_clk_ibuf/diff_input_clk.u_ibufg_sys_clk/O          | SOC_i/mig_7series_0/u_SOC_mig_7series_0_0_mig/u_ddr3_clk_ibuf/sys_clk_ibufg             |
| src6      | g7        | MMCME2_ADV/CLKOUT5  | MMCME2_ADV_X1Y5 | MMCME2_ADV_X1Y5 | X1Y5         |           1 |               0 |              10.000 | mmcm_ps_clk_bufg_in                                | SOC_i/mig_7series_0/u_SOC_mig_7series_0_0_mig/u_ddr3_infrastructure/gen_ui_extra_clocks.mmcm_i/CLKOUT5  | SOC_i/mig_7series_0/u_SOC_mig_7series_0_0_mig/u_ddr3_infrastructure/mmcm_ps_clk_bufg_in |
| src7      | g8        | MMCME2_ADV/CLKOUT1  | None            | MMCME2_ADV_X0Y3 | X0Y3         |           1 |               0 |               2.500 | clk_ref_mmcm_400                                   | SOC_i/mig_7series_0/u_SOC_mig_7series_0_0_mig/u_iodelay_ctrl/clk_ref_mmcm_gen.mmcm_i/CLKOUT1            | SOC_i/mig_7series_0/u_SOC_mig_7series_0_0_mig/u_iodelay_ctrl/clk_ref_mmcm_400           |
| src8      | g9        | PLLE2_ADV/CLKOUT3   | PLLE2_ADV_X1Y5  | PLLE2_ADV_X1Y5  | X1Y5         |           1 |               0 |               5.000 | pll_clk3_out                                       | SOC_i/mig_7series_0/u_SOC_mig_7series_0_0_mig/u_ddr3_infrastructure/plle2_i/CLKOUT3                     | SOC_i/mig_7series_0/u_SOC_mig_7series_0_0_mig/u_ddr3_infrastructure/pll_clk3_out        |
+-----------+-----------+---------------------+-----------------+-----------------+--------------+-------------+-----------------+---------------------+----------------------------------------------------+---------------------------------------------------------------------------------------------------------+-----------------------------------------------------------------------------------------+
* Clock Loads column represents cell count of net connects that connect to a clock pin. Internal cell leaf pins are not considered
** Non-Clock Loads column represents cell count of non-clock pin loads


4. Local Clock Details
----------------------

+----------+----------------------------+----------------------+-------------------------------------+--------------+-------------+-----------------+--------------+----------------+--------------------------------------------------------------------------------------------------------------------------------------------------------------------------------------------------------------------+-----------------------------------------------------------------------------------------------------------------------------------------------------------------------------------------------------------------+
| Local Id | Driver Type/Pin            | Constraint           | Site/BEL                            | Clock Region | Clock Loads | Non-Clock Loads | Clock Period | Clock          | Driver Pin                                                                                                                                                                                                         | Net                                                                                                                                                                                                             |
+----------+----------------------------+----------------------+-------------------------------------+--------------+-------------+-----------------+--------------+----------------+--------------------------------------------------------------------------------------------------------------------------------------------------------------------------------------------------------------------+-----------------------------------------------------------------------------------------------------------------------------------------------------------------------------------------------------------------+
| 0        | PLLE2_ADV/CLKOUT0          | PLLE2_ADV_X1Y5       | PLLE2_ADV_X1Y5/PLLE2_ADV            | X1Y5         |          14 |               8 |        1.250 | freq_refclk    | SOC_i/mig_7series_0/u_SOC_mig_7series_0_0_mig/u_ddr3_infrastructure/plle2_i/CLKOUT0                                                                                                                                | SOC_i/mig_7series_0/u_SOC_mig_7series_0_0_mig/u_ddr3_infrastructure/freq_refclk                                                                                                                                 |
| 1        | PLLE2_ADV/CLKOUT1          | PLLE2_ADV_X1Y5       | PLLE2_ADV_X1Y5/PLLE2_ADV            | X1Y5         |           3 |              19 |        1.250 | mem_refclk     | SOC_i/mig_7series_0/u_SOC_mig_7series_0_0_mig/u_ddr3_infrastructure/plle2_i/CLKOUT1                                                                                                                                | SOC_i/mig_7series_0/u_SOC_mig_7series_0_0_mig/u_ddr3_infrastructure/mem_refclk                                                                                                                                  |
| 2        | PHASER_OUT_PHY/OCLKDELAYED | PHASER_OUT_PHY_X1Y24 | PHASER_OUT_PHY_X1Y24/PHASER_OUT_PHY | X1Y6         |           2 |               0 |        1.250 | oserdes_clk    | SOC_i/mig_7series_0/u_SOC_mig_7series_0_0_mig/u_memc_ui_top_axi/mem_intfc0/ddr_phy_top0/u_ddr_mc_phy_wrapper/u_ddr_mc_phy/ddr_phy_4lanes_0.u_ddr_phy_4lanes/ddr_byte_lane_A.ddr_byte_lane_A/phaser_out/OCLKDELAYED | SOC_i/mig_7series_0/u_SOC_mig_7series_0_0_mig/u_memc_ui_top_axi/mem_intfc0/ddr_phy_top0/u_ddr_mc_phy_wrapper/u_ddr_mc_phy/ddr_phy_4lanes_0.u_ddr_phy_4lanes/ddr_byte_lane_A.ddr_byte_lane_A/oserdes_clk_delayed |
| 3        | PHASER_OUT_PHY/OCLKDELAYED | PHASER_OUT_PHY_X1Y25 | PHASER_OUT_PHY_X1Y25/PHASER_OUT_PHY | X1Y6         |           2 |               0 |        1.250 | oserdes_clk_1  | SOC_i/mig_7series_0/u_SOC_mig_7series_0_0_mig/u_memc_ui_top_axi/mem_intfc0/ddr_phy_top0/u_ddr_mc_phy_wrapper/u_ddr_mc_phy/ddr_phy_4lanes_0.u_ddr_phy_4lanes/ddr_byte_lane_B.ddr_byte_lane_B/phaser_out/OCLKDELAYED | SOC_i/mig_7series_0/u_SOC_mig_7series_0_0_mig/u_memc_ui_top_axi/mem_intfc0/ddr_phy_top0/u_ddr_mc_phy_wrapper/u_ddr_mc_phy/ddr_phy_4lanes_0.u_ddr_phy_4lanes/ddr_byte_lane_B.ddr_byte_lane_B/oserdes_clk_delayed |
| 4        | PHASER_OUT_PHY/OCLKDELAYED | PHASER_OUT_PHY_X1Y26 | PHASER_OUT_PHY_X1Y26/PHASER_OUT_PHY | X1Y6         |           2 |               0 |        1.250 | oserdes_clk_2  | SOC_i/mig_7series_0/u_SOC_mig_7series_0_0_mig/u_memc_ui_top_axi/mem_intfc0/ddr_phy_top0/u_ddr_mc_phy_wrapper/u_ddr_mc_phy/ddr_phy_4lanes_0.u_ddr_phy_4lanes/ddr_byte_lane_C.ddr_byte_lane_C/phaser_out/OCLKDELAYED | SOC_i/mig_7series_0/u_SOC_mig_7series_0_0_mig/u_memc_ui_top_axi/mem_intfc0/ddr_phy_top0/u_ddr_mc_phy_wrapper/u_ddr_mc_phy/ddr_phy_4lanes_0.u_ddr_phy_4lanes/ddr_byte_lane_C.ddr_byte_lane_C/oserdes_clk_delayed |
| 5        | PHASER_OUT_PHY/OCLKDELAYED | PHASER_OUT_PHY_X1Y27 | PHASER_OUT_PHY_X1Y27/PHASER_OUT_PHY | X1Y6         |           2 |               0 |        1.250 | oserdes_clk_3  | SOC_i/mig_7series_0/u_SOC_mig_7series_0_0_mig/u_memc_ui_top_axi/mem_intfc0/ddr_phy_top0/u_ddr_mc_phy_wrapper/u_ddr_mc_phy/ddr_phy_4lanes_0.u_ddr_phy_4lanes/ddr_byte_lane_D.ddr_byte_lane_D/phaser_out/OCLKDELAYED | SOC_i/mig_7series_0/u_SOC_mig_7series_0_0_mig/u_memc_ui_top_axi/mem_intfc0/ddr_phy_top0/u_ddr_mc_phy_wrapper/u_ddr_mc_phy/ddr_phy_4lanes_0.u_ddr_phy_4lanes/ddr_byte_lane_D.ddr_byte_lane_D/oserdes_clk_delayed |
| 6        | PHASER_OUT_PHY/OCLKDELAYED | PHASER_OUT_PHY_X1Y16 | PHASER_OUT_PHY_X1Y16/PHASER_OUT_PHY | X1Y4         |           2 |               0 |        1.250 | oserdes_clk_7  | SOC_i/mig_7series_0/u_SOC_mig_7series_0_0_mig/u_memc_ui_top_axi/mem_intfc0/ddr_phy_top0/u_ddr_mc_phy_wrapper/u_ddr_mc_phy/ddr_phy_4lanes_2.u_ddr_phy_4lanes/ddr_byte_lane_A.ddr_byte_lane_A/phaser_out/OCLKDELAYED | SOC_i/mig_7series_0/u_SOC_mig_7series_0_0_mig/u_memc_ui_top_axi/mem_intfc0/ddr_phy_top0/u_ddr_mc_phy_wrapper/u_ddr_mc_phy/ddr_phy_4lanes_2.u_ddr_phy_4lanes/ddr_byte_lane_A.ddr_byte_lane_A/oserdes_clk_delayed |
| 7        | PHASER_OUT_PHY/OCLKDELAYED | PHASER_OUT_PHY_X1Y17 | PHASER_OUT_PHY_X1Y17/PHASER_OUT_PHY | X1Y4         |           2 |               0 |        1.250 | oserdes_clk_8  | SOC_i/mig_7series_0/u_SOC_mig_7series_0_0_mig/u_memc_ui_top_axi/mem_intfc0/ddr_phy_top0/u_ddr_mc_phy_wrapper/u_ddr_mc_phy/ddr_phy_4lanes_2.u_ddr_phy_4lanes/ddr_byte_lane_B.ddr_byte_lane_B/phaser_out/OCLKDELAYED | SOC_i/mig_7series_0/u_SOC_mig_7series_0_0_mig/u_memc_ui_top_axi/mem_intfc0/ddr_phy_top0/u_ddr_mc_phy_wrapper/u_ddr_mc_phy/ddr_phy_4lanes_2.u_ddr_phy_4lanes/ddr_byte_lane_B.ddr_byte_lane_B/oserdes_clk_delayed |
| 8        | PHASER_OUT_PHY/OCLKDELAYED | PHASER_OUT_PHY_X1Y18 | PHASER_OUT_PHY_X1Y18/PHASER_OUT_PHY | X1Y4         |           2 |               0 |        1.250 | oserdes_clk_9  | SOC_i/mig_7series_0/u_SOC_mig_7series_0_0_mig/u_memc_ui_top_axi/mem_intfc0/ddr_phy_top0/u_ddr_mc_phy_wrapper/u_ddr_mc_phy/ddr_phy_4lanes_2.u_ddr_phy_4lanes/ddr_byte_lane_C.ddr_byte_lane_C/phaser_out/OCLKDELAYED | SOC_i/mig_7series_0/u_SOC_mig_7series_0_0_mig/u_memc_ui_top_axi/mem_intfc0/ddr_phy_top0/u_ddr_mc_phy_wrapper/u_ddr_mc_phy/ddr_phy_4lanes_2.u_ddr_phy_4lanes/ddr_byte_lane_C.ddr_byte_lane_C/oserdes_clk_delayed |
| 9        | PHASER_OUT_PHY/OCLKDELAYED | PHASER_OUT_PHY_X1Y19 | PHASER_OUT_PHY_X1Y19/PHASER_OUT_PHY | X1Y4         |           2 |               0 |        1.250 | oserdes_clk_10 | SOC_i/mig_7series_0/u_SOC_mig_7series_0_0_mig/u_memc_ui_top_axi/mem_intfc0/ddr_phy_top0/u_ddr_mc_phy_wrapper/u_ddr_mc_phy/ddr_phy_4lanes_2.u_ddr_phy_4lanes/ddr_byte_lane_D.ddr_byte_lane_D/phaser_out/OCLKDELAYED | SOC_i/mig_7series_0/u_SOC_mig_7series_0_0_mig/u_memc_ui_top_axi/mem_intfc0/ddr_phy_top0/u_ddr_mc_phy_wrapper/u_ddr_mc_phy/ddr_phy_4lanes_2.u_ddr_phy_4lanes/ddr_byte_lane_D.ddr_byte_lane_D/oserdes_clk_delayed |
+----------+----------------------------+----------------------+-------------------------------------+--------------+-------------+-----------------+--------------+----------------+--------------------------------------------------------------------------------------------------------------------------------------------------------------------------------------------------------------------+-----------------------------------------------------------------------------------------------------------------------------------------------------------------------------------------------------------------+
* Local Clocks in this context represents only clocks driven by non-global buffers
** Clock Loads column represents cell count of net connects that connect to a clock pin. Internal cell leaf pins are not considered
*** Non-Clock Loads column represents cell count of non-clock pin loads


5. Clock Regions: Key Resource Utilization
------------------------------------------

+-------------------+--------------+--------------+--------------+--------------+--------------+--------------+--------------+--------------+--------------+--------------+---------------+--------------+--------------+--------------+--------------+
|                   | Global Clock |     BUFRs    |    BUFMRs    |    BUFIOs    |     MMCM     |      PLL     |      GT      |      PCI     |    ILOGIC    |    OLOGIC    |       FF      |     LUTM     |    RAMB18    |    RAMB36    |    DSP48E2   |
+-------------------+------+-------+------+-------+------+-------+------+-------+------+-------+------+-------+------+-------+------+-------+------+-------+------+-------+-------+-------+------+-------+------+-------+------+-------+------+-------+
| Clock Region Name | Used | Avail | Used | Avail | Used | Avail | Used | Avail | Used | Avail | Used | Avail | Used | Avail | Used | Avail | Used | Avail | Used | Avail | Used  | Avail | Used | Avail | Used | Avail | Used | Avail | Used | Avail |
+-------------------+------+-------+------+-------+------+-------+------+-------+------+-------+------+-------+------+-------+------+-------+------+-------+------+-------+-------+-------+------+-------+------+-------+------+-------+------+-------+
| X0Y0              |    0 |    12 |    0 |     4 |    0 |     2 |    0 |     4 |    0 |     1 |    0 |     1 |    0 |     4 |    0 |     0 |    0 |    50 |    0 |    50 |     0 |  5500 |    0 |  2200 |    0 |   140 |    0 |    70 |    0 |   180 |
| X1Y0              |    0 |    12 |    0 |     4 |    0 |     2 |    0 |     4 |    0 |     1 |    0 |     1 |    0 |     4 |    0 |     0 |    0 |    50 |    0 |    50 |     0 |  5600 |    0 |  2500 |    0 |   160 |    0 |    80 |    0 |   220 |
| X0Y1              |    0 |    12 |    0 |     4 |    0 |     2 |    0 |     4 |    0 |     1 |    0 |     1 |    0 |     4 |    0 |     0 |    0 |    50 |    0 |    50 |     0 |  4900 |    0 |  2200 |    0 |   140 |    0 |    70 |    0 |   180 |
| X1Y1              |    0 |    12 |    0 |     4 |    0 |     2 |    0 |     4 |    0 |     1 |    0 |     1 |    0 |     4 |    0 |     0 |    0 |    50 |    0 |    50 |     0 |  5600 |    0 |  2500 |    0 |   160 |    0 |    80 |    0 |   220 |
| X0Y2              |    1 |    12 |    0 |     4 |    0 |     2 |    0 |     4 |    0 |     1 |    0 |     1 |    0 |     4 |    0 |     1 |    0 |    50 |    0 |    50 |    43 |  4750 |   24 |  2150 |    0 |   130 |    0 |    65 |    0 |   180 |
| X1Y2              |    0 |    12 |    0 |     4 |    0 |     2 |    0 |     4 |    0 |     1 |    0 |     1 |    0 |     4 |    0 |     1 |    0 |    50 |    0 |    50 |     0 |  5450 |    0 |  2450 |    0 |   150 |    0 |    75 |    0 |   220 |
| X0Y3              |    2 |    12 |    0 |     4 |    0 |     2 |    0 |     4 |    0 |     1 |    0 |     1 |    0 |     4 |    0 |     0 |    0 |    50 |    0 |    50 |    14 |  5500 |   10 |  2200 |    0 |   140 |    3 |    70 |    0 |   180 |
| X1Y3              |    5 |    12 |    0 |     4 |    0 |     2 |    0 |     4 |    0 |     1 |    0 |     1 |    0 |     4 |    0 |     0 |    0 |    50 |    0 |    50 |  2304 |  5600 | 1222 |  2500 |    0 |   160 |   14 |    80 |    0 |   220 |
| X0Y4              |    2 |    12 |    0 |     4 |    0 |     2 |    0 |     4 |    0 |     1 |    0 |     1 |    0 |     4 |    0 |     0 |    0 |    50 |    0 |    50 |   553 |  5500 |  304 |  2200 |    0 |   140 |    2 |    70 |    0 |   180 |
| X1Y4              |    8 |    12 |    0 |     4 |    0 |     2 |    0 |     4 |    0 |     1 |    0 |     1 |    0 |     4 |    0 |     0 |    4 |    50 |    8 |    50 | 10559 |  5600 | 5635 |  2500 |    0 |   160 |    1 |    80 |    0 |   220 |
| X0Y5              |    2 |    12 |    0 |     4 |    0 |     2 |    0 |     4 |    0 |     1 |    0 |     1 |    0 |     4 |    0 |     1 |    0 |    50 |    0 |    50 |   515 |  5350 |  258 |  2150 |    0 |   130 |    0 |    65 |    0 |   180 |
| X1Y5              |    4 |    12 |    0 |     4 |    0 |     2 |    0 |     4 |    1 |     1 |    0 |     1 |    0 |     4 |    0 |     1 |    0 |    50 |    0 |    50 | 11665 |  5450 | 5799 |  2450 |    0 |   150 |    0 |    75 |    0 |   220 |
| X0Y6              |    1 |    12 |    0 |     4 |    0 |     2 |    0 |     4 |    0 |     1 |    0 |     1 |    0 |     4 |    0 |     0 |    0 |    50 |    0 |    50 |    81 |  5500 |   46 |  2200 |    0 |   140 |    0 |    70 |    0 |   180 |
| X1Y6              |    4 |    12 |    0 |     4 |    0 |     2 |    0 |     4 |    0 |     1 |    0 |     1 |    0 |     4 |    0 |     0 |    4 |    50 |    8 |    50 |  6886 |  5600 | 3327 |  2500 |    0 |   160 |    0 |    80 |    0 |   220 |
+-------------------+------+-------+------+-------+------+-------+------+-------+------+-------+------+-------+------+-------+------+-------+------+-------+------+-------+-------+-------+------+-------+------+-------+------+-------+------+-------+
* Global Clock column represents track count; while other columns represents cell counts


6. Clock Regions : Global Clock Summary
---------------------------------------

All Modules
+----+----+----+
|    | X0 | X1 |
+----+----+----+
| Y6 |  0 |  0 |
| Y5 |  0 |  0 |
| Y4 |  0 |  0 |
| Y3 |  0 |  0 |
| Y2 |  0 |  0 |
| Y1 |  0 |  0 |
| Y0 |  0 |  0 |
+----+----+----+


7. Device Cell Placement Summary for Global Clock g0
----------------------------------------------------

+-----------+-----------------+-------------------+--------------+-------------+---------------+-------------+----------+----------------+----------+-----------------------------------------------------------------------------------+
| Global Id | Driver Type/Pin | Driver Region (D) | Clock        | Period (ns) | Waveform (ns) | Slice Loads | IO Loads | Clocking Loads | GT Loads | Net                                                                               |
+-----------+-----------------+-------------------+--------------+-------------+---------------+-------------+----------+----------------+----------+-----------------------------------------------------------------------------------+
| g0        | BUFG/O          | n/a               | mmcm_clkout0 |      10.000 | {0.000 5.000} |       21518 |        0 |              0 |        0 | SOC_i/mig_7series_0/u_SOC_mig_7series_0_0_mig/u_ddr3_infrastructure/ui_addn_clk_0 |
+-----------+-----------------+-------------------+--------------+-------------+---------------+-------------+----------+----------------+----------+-----------------------------------------------------------------------------------+
* Slice Loads column represents load cell count of all cell types other than IO, GT and clock resources
** IO Loads column represents load cell count of IO types
*** Clocking Loads column represents load cell count that are clock resources (global clock buffer, MMCM, PLL, etc)
**** GT Loads column represents load cell count of GT types


+----+------+-------+-----------------------+
|    | X0   | X1    | HORIZONTAL PROG DELAY |
+----+------+-------+-----------------------+
| Y6 |   81 |  3266 |                     0 |
| Y5 |  417 |  8542 |                     0 |
| Y4 |  526 |  6740 |                     0 |
| Y3 |   15 |  1931 |                     0 |
| Y2 |    0 |     0 |                     - |
| Y1 |    0 |     0 |                     - |
| Y0 |    0 |     0 |                     - |
+----+------+-------+-----------------------+


8. Device Cell Placement Summary for Global Clock g1
----------------------------------------------------

+-----------+-----------------+-------------------+-----------+-------------+---------------+-------------+----------+----------------+----------+--------------------------------------------------------------------------------------+
| Global Id | Driver Type/Pin | Driver Region (D) | Clock     | Period (ns) | Waveform (ns) | Slice Loads | IO Loads | Clocking Loads | GT Loads | Net                                                                                  |
+-----------+-----------------+-------------------+-----------+-------------+---------------+-------------+----------+----------------+----------+--------------------------------------------------------------------------------------+
| g1        | BUFG/O          | n/a               | clk_pll_i |       5.000 | {0.000 2.500} |       11661 |        0 |              1 |        0 | SOC_i/mig_7series_0/u_SOC_mig_7series_0_0_mig/u_ddr3_infrastructure/u_bufg_clkdiv0_0 |
+-----------+-----------------+-------------------+-----------+-------------+---------------+-------------+----------+----------------+----------+--------------------------------------------------------------------------------------+
* Slice Loads column represents load cell count of all cell types other than IO, GT and clock resources
** IO Loads column represents load cell count of IO types
*** Clocking Loads column represents load cell count that are clock resources (global clock buffer, MMCM, PLL, etc)
**** GT Loads column represents load cell count of GT types


+----+-----+-------+-----------------------+
|    | X0  | X1    | HORIZONTAL PROG DELAY |
+----+-----+-------+-----------------------+
| Y6 |   0 |  3678 |                     0 |
| Y5 |  98 |  3867 |                     0 |
| Y4 |   0 |  3738 |                     0 |
| Y3 |   0 |   281 |                     0 |
| Y2 |   0 |     0 |                     - |
| Y1 |   0 |     0 |                     - |
| Y0 |   0 |     0 |                     - |
+----+-----+-------+-----------------------+


9. Device Cell Placement Summary for Global Clock g2
----------------------------------------------------

+-----------+-----------------+-------------------+----------------------------------------------------+-------------+----------------+-------------+----------+----------------+----------+------------------------------------------------------------------------------------------+
| Global Id | Driver Type/Pin | Driver Region (D) | Clock                                              | Period (ns) | Waveform (ns)  | Slice Loads | IO Loads | Clocking Loads | GT Loads | Net                                                                                      |
+-----------+-----------------+-------------------+----------------------------------------------------+-------------+----------------+-------------+----------+----------------+----------+------------------------------------------------------------------------------------------+
| g2        | BUFGCTRL/O      | n/a               | SOC_i/mdm_1/U0/Use_E2.BSCAN_I/Use_E2.BSCANE2_I/TCK |      33.333 | {0.000 16.667} |         331 |        0 |              0 |        0 | SOC_i/mdm_1/U0/MDM_Core_I1/JTAG_CONTROL_I/Test_Access_Port.BUFG_DRCK/Using_FPGA.Native_0 |
+-----------+-----------------+-------------------+----------------------------------------------------+-------------+----------------+-------------+----------+----------------+----------+------------------------------------------------------------------------------------------+
* Slice Loads column represents load cell count of all cell types other than IO, GT and clock resources
** IO Loads column represents load cell count of IO types
*** Clocking Loads column represents load cell count that are clock resources (global clock buffer, MMCM, PLL, etc)
**** GT Loads column represents load cell count of GT types


+----+----+------+-----------------------+
|    | X0 | X1   | HORIZONTAL PROG DELAY |
+----+----+------+-----------------------+
| Y6 |  0 |    0 |                     - |
| Y5 |  0 |    0 |                     - |
| Y4 |  0 |  264 |                     0 |
| Y3 |  0 |   67 |                     0 |
| Y2 |  0 |    0 |                     - |
| Y1 |  0 |    0 |                     - |
| Y0 |  0 |    0 |                     - |
+----+----+------+-----------------------+


10. Device Cell Placement Summary for Global Clock g3
-----------------------------------------------------

+-----------+-----------------+-------------------+--------------------------------------------------------------------------------------------+-------------+----------------+-------------+----------+----------------+----------+--------------------------------------------------------------------------------------------+
| Global Id | Driver Type/Pin | Driver Region (D) | Clock                                                                                      | Period (ns) | Waveform (ns)  | Slice Loads | IO Loads | Clocking Loads | GT Loads | Net                                                                                        |
+-----------+-----------------+-------------------+--------------------------------------------------------------------------------------------+-------------+----------------+-------------+----------+----------------+----------+--------------------------------------------------------------------------------------------+
| g3        | BUFG/O          | n/a               | SOC_i/mdm_1/U0/MDM_Core_I1/JTAG_CONTROL_I/Test_Access_Port.BUFG_UPDATE/Using_FPGA.Native/O |      66.666 | {0.000 33.333} |         176 |        0 |              0 |        0 | SOC_i/mdm_1/U0/MDM_Core_I1/JTAG_CONTROL_I/Test_Access_Port.BUFG_UPDATE/Using_FPGA.Native_0 |
+-----------+-----------------+-------------------+--------------------------------------------------------------------------------------------+-------------+----------------+-------------+----------+----------------+----------+--------------------------------------------------------------------------------------------+
* Slice Loads column represents load cell count of all cell types other than IO, GT and clock resources
** IO Loads column represents load cell count of IO types
*** Clocking Loads column represents load cell count that are clock resources (global clock buffer, MMCM, PLL, etc)
**** GT Loads column represents load cell count of GT types


+----+----+-----+-----------------------+
|    | X0 | X1  | HORIZONTAL PROG DELAY |
+----+----+-----+-----------------------+
| Y6 |  0 |   0 |                     - |
| Y5 |  0 |   0 |                     - |
| Y4 |  0 |  91 |                     0 |
| Y3 |  0 |  85 |                     0 |
| Y2 |  0 |   0 |                     - |
| Y1 |  0 |   0 |                     - |
| Y0 |  0 |   0 |                     - |
+----+----+-----+-----------------------+


11. Device Cell Placement Summary for Global Clock g4
-----------------------------------------------------

+-----------+-----------------+-------------------+----------------------------------------------------+-------------+----------------+-------------+----------+----------------+----------+----------------------------------------+
| Global Id | Driver Type/Pin | Driver Region (D) | Clock                                              | Period (ns) | Waveform (ns)  | Slice Loads | IO Loads | Clocking Loads | GT Loads | Net                                    |
+-----------+-----------------+-------------------+----------------------------------------------------+-------------+----------------+-------------+----------+----------------+----------+----------------------------------------+
| g4        | BUFG/O          | n/a               | SOC_i/mdm_1/U0/Use_E2.BSCAN_I/Use_E2.BSCANE2_I/TCK |      33.333 | {0.000 16.667} |          51 |        0 |              0 |        0 | SOC_i/mdm_1/U0/Use_E2.BSCAN_I/tck_BUFG |
+-----------+-----------------+-------------------+----------------------------------------------------+-------------+----------------+-------------+----------+----------------+----------+----------------------------------------+
* Slice Loads column represents load cell count of all cell types other than IO, GT and clock resources
** IO Loads column represents load cell count of IO types
*** Clocking Loads column represents load cell count that are clock resources (global clock buffer, MMCM, PLL, etc)
**** GT Loads column represents load cell count of GT types


+----+-----+----+-----------------------+
|    | X0  | X1 | HORIZONTAL PROG DELAY |
+----+-----+----+-----------------------+
| Y6 |   0 |  0 |                     - |
| Y5 |   0 |  0 |                     - |
| Y4 |  50 |  1 |                     0 |
| Y3 |   0 |  0 |                     - |
| Y2 |   0 |  0 |                     - |
| Y1 |   0 |  0 |                     - |
| Y0 |   0 |  0 |                     - |
+----+-----+----+-----------------------+


12. Device Cell Placement Summary for Global Clock g5
-----------------------------------------------------

+-----------+-----------------+-------------------+----------------------------------------------------+-------------+----------------+-------------+----------+----------------+----------+--------------------------------------------------------------------+
| Global Id | Driver Type/Pin | Driver Region (D) | Clock                                              | Period (ns) | Waveform (ns)  | Slice Loads | IO Loads | Clocking Loads | GT Loads | Net                                                                |
+-----------+-----------------+-------------------+----------------------------------------------------+-------------+----------------+-------------+----------+----------------+----------+--------------------------------------------------------------------+
| g5        | BUFGCTRL/O      | n/a               | SOC_i/mdm_1/U0/Use_E2.BSCAN_I/Use_E2.BSCANE2_I/TCK |      33.333 | {0.000 16.667} |          31 |        0 |              1 |        0 | SOC_i/mdm_1/U0/Use_JTAG_BSCAN.BUFG_JTAG_TCK/Use_JTAG_BSCAN.tck_int |
+-----------+-----------------+-------------------+----------------------------------------------------+-------------+----------------+-------------+----------+----------------+----------+--------------------------------------------------------------------+
* Slice Loads column represents load cell count of all cell types other than IO, GT and clock resources
** IO Loads column represents load cell count of IO types
*** Clocking Loads column represents load cell count that are clock resources (global clock buffer, MMCM, PLL, etc)
**** GT Loads column represents load cell count of GT types


+----+----+-----+-----------------------+
|    | X0 | X1  | HORIZONTAL PROG DELAY |
+----+----+-----+-----------------------+
| Y6 |  0 |   0 |                     - |
| Y5 |  0 |   0 |                     - |
| Y4 |  0 |  31 |                     0 |
| Y3 |  0 |   0 |                     - |
| Y2 |  0 |   0 |                     - |
| Y1 |  0 |   0 |                     - |
| Y0 |  0 |   0 |                     - |
+----+----+-----+-----------------------+


13. Device Cell Placement Summary for Global Clock g6
-----------------------------------------------------

+-----------+-----------------+-------------------+----------------------+-------------+---------------+-------------+----------+----------------+----------+------------------------------------------------------------------+
| Global Id | Driver Type/Pin | Driver Region (D) | Clock                | Period (ns) | Waveform (ns) | Slice Loads | IO Loads | Clocking Loads | GT Loads | Net                                                              |
+-----------+-----------------+-------------------+----------------------+-------------+---------------+-------------+----------+----------------+----------+------------------------------------------------------------------+
| g6        | BUFG/O          | n/a               | sys_diff_clock_clk_p |       5.000 | {0.000 2.500} |          46 |        0 |              0 |        0 | SOC_i/mig_7series_0/u_SOC_mig_7series_0_0_mig/u_iodelay_ctrl/CLK |
+-----------+-----------------+-------------------+----------------------+-------------+---------------+-------------+----------+----------------+----------+------------------------------------------------------------------+
* Slice Loads column represents load cell count of all cell types other than IO, GT and clock resources
** IO Loads column represents load cell count of IO types
*** Clocking Loads column represents load cell count that are clock resources (global clock buffer, MMCM, PLL, etc)
**** GT Loads column represents load cell count of GT types


+----+-----+----+-----------------------+
|    | X0  | X1 | HORIZONTAL PROG DELAY |
+----+-----+----+-----------------------+
| Y6 |   0 |  0 |                     - |
| Y5 |   0 |  0 |                     - |
| Y4 |   0 |  0 |                     - |
| Y3 |   2 |  0 |                     0 |
| Y2 |  44 |  0 |                     0 |
| Y1 |   0 |  0 |                     - |
| Y0 |   0 |  0 |                     - |
+----+-----+----+-----------------------+


14. Device Cell Placement Summary for Global Clock g7
-----------------------------------------------------

+-----------+-----------------+-------------------+---------------------+-------------+---------------+-------------+----------+----------------+----------+---------------------------------------------------------------------------------+
| Global Id | Driver Type/Pin | Driver Region (D) | Clock               | Period (ns) | Waveform (ns) | Slice Loads | IO Loads | Clocking Loads | GT Loads | Net                                                                             |
+-----------+-----------------+-------------------+---------------------+-------------+---------------+-------------+----------+----------------+----------+---------------------------------------------------------------------------------+
| g7        | BUFG/O          | n/a               | mmcm_ps_clk_bufg_in |      10.000 | {0.000 5.000} |          22 |        0 |              0 |        0 | SOC_i/mig_7series_0/u_SOC_mig_7series_0_0_mig/u_ddr3_infrastructure/mmcm_ps_clk |
+-----------+-----------------+-------------------+---------------------+-------------+---------------+-------------+----------+----------------+----------+---------------------------------------------------------------------------------+
* Slice Loads column represents load cell count of all cell types other than IO, GT and clock resources
** IO Loads column represents load cell count of IO types
*** Clocking Loads column represents load cell count that are clock resources (global clock buffer, MMCM, PLL, etc)
**** GT Loads column represents load cell count of GT types


+----+----+-----+-----------------------+
|    | X0 | X1  | HORIZONTAL PROG DELAY |
+----+----+-----+-----------------------+
| Y6 |  0 |  16 |                     0 |
| Y5 |  0 |   2 |                     0 |
| Y4 |  0 |   4 |                     0 |
| Y3 |  0 |   0 |                     - |
| Y2 |  0 |   0 |                     - |
| Y1 |  0 |   0 |                     - |
| Y0 |  0 |   0 |                     - |
+----+----+-----+-----------------------+


15. Device Cell Placement Summary for Global Clock g8
-----------------------------------------------------

+-----------+-----------------+-------------------+------------------+-------------+---------------+-------------+----------+----------------+----------+--------------------------------------------------------------------------------------------------------------------+
| Global Id | Driver Type/Pin | Driver Region (D) | Clock            | Period (ns) | Waveform (ns) | Slice Loads | IO Loads | Clocking Loads | GT Loads | Net                                                                                                                |
+-----------+-----------------+-------------------+------------------+-------------+---------------+-------------+----------+----------------+----------+--------------------------------------------------------------------------------------------------------------------+
| g8        | BUFG/O          | n/a               | clk_ref_mmcm_400 |       2.500 | {0.000 1.250} |          17 |        0 |              0 |        0 | SOC_i/mig_7series_0/u_SOC_mig_7series_0_0_mig/u_iodelay_ctrl/clk_ref_300_400_en.clk_ref_400.u_bufg_clk_ref_400_n_0 |
+-----------+-----------------+-------------------+------------------+-------------+---------------+-------------+----------+----------------+----------+--------------------------------------------------------------------------------------------------------------------+
* Slice Loads column represents load cell count of all cell types other than IO, GT and clock resources
** IO Loads column represents load cell count of IO types
*** Clocking Loads column represents load cell count that are clock resources (global clock buffer, MMCM, PLL, etc)
**** GT Loads column represents load cell count of GT types


+----+----+-----+-----------------------+
|    | X0 | X1  | HORIZONTAL PROG DELAY |
+----+----+-----+-----------------------+
| Y6 |  0 |   1 |                     0 |
| Y5 |  0 |   0 |                     - |
| Y4 |  0 |   1 |                     0 |
| Y3 |  0 |  15 |                     0 |
| Y2 |  0 |   0 |                     - |
| Y1 |  0 |   0 |                     - |
| Y0 |  0 |   0 |                     - |
+----+----+-----+-----------------------+


16. Device Cell Placement Summary for Global Clock g9
-----------------------------------------------------

+-----------+-----------------+-------------------+--------------+-------------+---------------+-------------+----------+----------------+----------+------------------------------------------------------------------------------+
| Global Id | Driver Type/Pin | Driver Region (D) | Clock        | Period (ns) | Waveform (ns) | Slice Loads | IO Loads | Clocking Loads | GT Loads | Net                                                                          |
+-----------+-----------------+-------------------+--------------+-------------+---------------+-------------+----------+----------------+----------+------------------------------------------------------------------------------+
| g9        | BUFH/O          | X1Y5              | pll_clk3_out |       5.000 | {0.000 2.500} |           0 |        0 |              1 |        0 | SOC_i/mig_7series_0/u_SOC_mig_7series_0_0_mig/u_ddr3_infrastructure/pll_clk3 |
+-----------+-----------------+-------------------+--------------+-------------+---------------+-------------+----------+----------------+----------+------------------------------------------------------------------------------+
* Slice Loads column represents load cell count of all cell types other than IO, GT and clock resources
** IO Loads column represents load cell count of IO types
*** Clocking Loads column represents load cell count that are clock resources (global clock buffer, MMCM, PLL, etc)
**** GT Loads column represents load cell count of GT types


+----+----+--------+-----------------------+
|    | X0 | X1     | HORIZONTAL PROG DELAY |
+----+----+--------+-----------------------+
| Y6 |  0 |      0 |                     - |
| Y5 |  0 |  (D) 1 |                     0 |
| Y4 |  0 |      0 |                     - |
| Y3 |  0 |      0 |                     - |
| Y2 |  0 |      0 |                     - |
| Y1 |  0 |      0 |                     - |
| Y0 |  0 |      0 |                     - |
+----+----+--------+-----------------------+


17. Clock Region Cell Placement per Global Clock: Region X0Y2
-------------------------------------------------------------

+-----------+-------+-----------------+------------+-------------+-----------------+----+-------------+------+-----+----+------+-----+---------+------------------------------------------------------------------+
| Global Id | Track | Driver Type/Pin | Constraint | Clock Loads | Non-Clock Loads | FF | Memory LUTs | RAMB | DSP | GT | MMCM | PLL | Hard IP | Net                                                              |
+-----------+-------+-----------------+------------+-------------+-----------------+----+-------------+------+-----+----+------+-----+---------+------------------------------------------------------------------+
| g6        | n/a   | BUFG/O          | None       |          44 |               0 | 43 |           0 |    0 |   0 |  0 |    0 |   0 |       0 | SOC_i/mig_7series_0/u_SOC_mig_7series_0_0_mig/u_iodelay_ctrl/CLK |
+-----------+-------+-----------------+------------+-------------+-----------------+----+-------------+------+-----+----+------+-----+---------+------------------------------------------------------------------+
* Clock Loads column represents cell count of net connects that connect to a clock pin. Internal cell leaf pins are not considered
** Non-Clock Loads column represents cell count of non-clock pin loads
*** Columns FF, LUTRAM, RAMB through 'Hard IP' represents load cell counts


18. Clock Region Cell Placement per Global Clock: Region X0Y3
-------------------------------------------------------------

+-----------+-------+-----------------+------------+-------------+-----------------+----+-------------+------+-----+----+------+-----+---------+-----------------------------------------------------------------------------------+
| Global Id | Track | Driver Type/Pin | Constraint | Clock Loads | Non-Clock Loads | FF | Memory LUTs | RAMB | DSP | GT | MMCM | PLL | Hard IP | Net                                                                               |
+-----------+-------+-----------------+------------+-------------+-----------------+----+-------------+------+-----+----+------+-----+---------+-----------------------------------------------------------------------------------+
| g0        | n/a   | BUFG/O          | None       |          15 |               0 | 12 |           0 |    3 |   0 |  0 |    0 |   0 |       0 | SOC_i/mig_7series_0/u_SOC_mig_7series_0_0_mig/u_ddr3_infrastructure/ui_addn_clk_0 |
| g6        | n/a   | BUFG/O          | None       |           2 |               0 |  2 |           0 |    0 |   0 |  0 |    0 |   0 |       0 | SOC_i/mig_7series_0/u_SOC_mig_7series_0_0_mig/u_iodelay_ctrl/CLK                  |
+-----------+-------+-----------------+------------+-------------+-----------------+----+-------------+------+-----+----+------+-----+---------+-----------------------------------------------------------------------------------+
* Clock Loads column represents cell count of net connects that connect to a clock pin. Internal cell leaf pins are not considered
** Non-Clock Loads column represents cell count of non-clock pin loads
*** Columns FF, LUTRAM, RAMB through 'Hard IP' represents load cell counts


19. Clock Region Cell Placement per Global Clock: Region X1Y3
-------------------------------------------------------------

+-----------+-------+-----------------+------------+-------------+-----------------+------+-------------+------+-----+----+------+-----+---------+--------------------------------------------------------------------------------------------------------------------+
| Global Id | Track | Driver Type/Pin | Constraint | Clock Loads | Non-Clock Loads | FF   | Memory LUTs | RAMB | DSP | GT | MMCM | PLL | Hard IP | Net                                                                                                                |
+-----------+-------+-----------------+------------+-------------+-----------------+------+-------------+------+-----+----+------+-----+---------+--------------------------------------------------------------------------------------------------------------------+
| g0        | n/a   | BUFG/O          | None       |        1931 |               0 | 1856 |          61 |   14 |   0 |  0 |    0 |   0 |       0 | SOC_i/mig_7series_0/u_SOC_mig_7series_0_0_mig/u_ddr3_infrastructure/ui_addn_clk_0                                  |
| g1        | n/a   | BUFG/O          | None       |         281 |               0 |  281 |           0 |    0 |   0 |  0 |    0 |   0 |       0 | SOC_i/mig_7series_0/u_SOC_mig_7series_0_0_mig/u_ddr3_infrastructure/u_bufg_clkdiv0_0                               |
| g2        | n/a   | BUFGCTRL/O      | None       |          67 |               0 |   67 |           0 |    0 |   0 |  0 |    0 |   0 |       0 | SOC_i/mdm_1/U0/MDM_Core_I1/JTAG_CONTROL_I/Test_Access_Port.BUFG_DRCK/Using_FPGA.Native_0                           |
| g3        | n/a   | BUFG/O          | None       |          85 |               0 |   85 |           0 |    0 |   0 |  0 |    0 |   0 |       0 | SOC_i/mdm_1/U0/MDM_Core_I1/JTAG_CONTROL_I/Test_Access_Port.BUFG_UPDATE/Using_FPGA.Native_0                         |
| g8        | n/a   | BUFG/O          | None       |          15 |               0 |   15 |           0 |    0 |   0 |  0 |    0 |   0 |       0 | SOC_i/mig_7series_0/u_SOC_mig_7series_0_0_mig/u_iodelay_ctrl/clk_ref_300_400_en.clk_ref_400.u_bufg_clk_ref_400_n_0 |
+-----------+-------+-----------------+------------+-------------+-----------------+------+-------------+------+-----+----+------+-----+---------+--------------------------------------------------------------------------------------------------------------------+
* Clock Loads column represents cell count of net connects that connect to a clock pin. Internal cell leaf pins are not considered
** Non-Clock Loads column represents cell count of non-clock pin loads
*** Columns FF, LUTRAM, RAMB through 'Hard IP' represents load cell counts


20. Clock Region Cell Placement per Global Clock: Region X0Y4
-------------------------------------------------------------

+-----------+-------+-----------------+------------+-------------+-----------------+-----+-------------+------+-----+----+------+-----+---------+-----------------------------------------------------------------------------------+
| Global Id | Track | Driver Type/Pin | Constraint | Clock Loads | Non-Clock Loads | FF  | Memory LUTs | RAMB | DSP | GT | MMCM | PLL | Hard IP | Net                                                                               |
+-----------+-------+-----------------+------------+-------------+-----------------+-----+-------------+------+-----+----+------+-----+---------+-----------------------------------------------------------------------------------+
| g0        | n/a   | BUFG/O          | None       |         526 |               0 | 506 |          18 |    2 |   0 |  0 |    0 |   0 |       0 | SOC_i/mig_7series_0/u_SOC_mig_7series_0_0_mig/u_ddr3_infrastructure/ui_addn_clk_0 |
| g4        | n/a   | BUFG/O          | None       |          50 |               0 |  47 |           3 |    0 |   0 |  0 |    0 |   0 |       0 | SOC_i/mdm_1/U0/Use_E2.BSCAN_I/tck_BUFG                                            |
+-----------+-------+-----------------+------------+-------------+-----------------+-----+-------------+------+-----+----+------+-----+---------+-----------------------------------------------------------------------------------+
* Clock Loads column represents cell count of net connects that connect to a clock pin. Internal cell leaf pins are not considered
** Non-Clock Loads column represents cell count of non-clock pin loads
*** Columns FF, LUTRAM, RAMB through 'Hard IP' represents load cell counts


21. Clock Region Cell Placement per Global Clock: Region X1Y4
-------------------------------------------------------------

+-----------+-------+-----------------+------------+-------------+-----------------+------+-------------+------+-----+----+------+-----+---------+--------------------------------------------------------------------------------------------------------------------+
| Global Id | Track | Driver Type/Pin | Constraint | Clock Loads | Non-Clock Loads | FF   | Memory LUTs | RAMB | DSP | GT | MMCM | PLL | Hard IP | Net                                                                                                                |
+-----------+-------+-----------------+------------+-------------+-----------------+------+-------------+------+-----+----+------+-----+---------+--------------------------------------------------------------------------------------------------------------------+
| g0        | n/a   | BUFG/O          | None       |        6740 |               0 | 6542 |         197 |    1 |   0 |  0 |    0 |   0 |       0 | SOC_i/mig_7series_0/u_SOC_mig_7series_0_0_mig/u_ddr3_infrastructure/ui_addn_clk_0                                  |
| g1        | n/a   | BUFG/O          | None       |        3738 |               0 | 3630 |          59 |    0 |   0 |  0 |    0 |   0 |       0 | SOC_i/mig_7series_0/u_SOC_mig_7series_0_0_mig/u_ddr3_infrastructure/u_bufg_clkdiv0_0                               |
| g2        | n/a   | BUFGCTRL/O      | None       |         264 |               0 |  264 |           0 |    0 |   0 |  0 |    0 |   0 |       0 | SOC_i/mdm_1/U0/MDM_Core_I1/JTAG_CONTROL_I/Test_Access_Port.BUFG_DRCK/Using_FPGA.Native_0                           |
| g3        | n/a   | BUFG/O          | None       |          91 |               0 |   91 |           0 |    0 |   0 |  0 |    0 |   0 |       0 | SOC_i/mdm_1/U0/MDM_Core_I1/JTAG_CONTROL_I/Test_Access_Port.BUFG_UPDATE/Using_FPGA.Native_0                         |
| g4        | n/a   | BUFG/O          | None       |           1 |               0 |    1 |           0 |    0 |   0 |  0 |    0 |   0 |       0 | SOC_i/mdm_1/U0/Use_E2.BSCAN_I/tck_BUFG                                                                             |
| g5        | n/a   | BUFGCTRL/O      | None       |          31 |               0 |   31 |           0 |    0 |   0 |  0 |    0 |   0 |       0 | SOC_i/mdm_1/U0/Use_JTAG_BSCAN.BUFG_JTAG_TCK/Use_JTAG_BSCAN.tck_int                                                 |
| g7        | n/a   | BUFG/O          | None       |           4 |               0 |    0 |           0 |    0 |   0 |  0 |    0 |   0 |       0 | SOC_i/mig_7series_0/u_SOC_mig_7series_0_0_mig/u_ddr3_infrastructure/mmcm_ps_clk                                    |
| g8        | n/a   | BUFG/O          | None       |           1 |               0 |    0 |           0 |    0 |   0 |  0 |    0 |   0 |       0 | SOC_i/mig_7series_0/u_SOC_mig_7series_0_0_mig/u_iodelay_ctrl/clk_ref_300_400_en.clk_ref_400.u_bufg_clk_ref_400_n_0 |
+-----------+-------+-----------------+------------+-------------+-----------------+------+-------------+------+-----+----+------+-----+---------+--------------------------------------------------------------------------------------------------------------------+
* Clock Loads column represents cell count of net connects that connect to a clock pin. Internal cell leaf pins are not considered
** Non-Clock Loads column represents cell count of non-clock pin loads
*** Columns FF, LUTRAM, RAMB through 'Hard IP' represents load cell counts


22. Clock Region Cell Placement per Global Clock: Region X0Y5
-------------------------------------------------------------

+-----------+-------+-----------------+------------+-------------+-----------------+-----+-------------+------+-----+----+------+-----+---------+--------------------------------------------------------------------------------------+
| Global Id | Track | Driver Type/Pin | Constraint | Clock Loads | Non-Clock Loads | FF  | Memory LUTs | RAMB | DSP | GT | MMCM | PLL | Hard IP | Net                                                                                  |
+-----------+-------+-----------------+------------+-------------+-----------------+-----+-------------+------+-----+----+------+-----+---------+--------------------------------------------------------------------------------------+
| g0        | n/a   | BUFG/O          | None       |         417 |               0 | 417 |           0 |    0 |   0 |  0 |    0 |   0 |       0 | SOC_i/mig_7series_0/u_SOC_mig_7series_0_0_mig/u_ddr3_infrastructure/ui_addn_clk_0    |
| g1        | n/a   | BUFG/O          | None       |          98 |               0 |  98 |           0 |    0 |   0 |  0 |    0 |   0 |       0 | SOC_i/mig_7series_0/u_SOC_mig_7series_0_0_mig/u_ddr3_infrastructure/u_bufg_clkdiv0_0 |
+-----------+-------+-----------------+------------+-------------+-----------------+-----+-------------+------+-----+----+------+-----+---------+--------------------------------------------------------------------------------------+
* Clock Loads column represents cell count of net connects that connect to a clock pin. Internal cell leaf pins are not considered
** Non-Clock Loads column represents cell count of non-clock pin loads
*** Columns FF, LUTRAM, RAMB through 'Hard IP' represents load cell counts


23. Clock Region Cell Placement per Global Clock: Region X1Y5
-------------------------------------------------------------

+-----------+-------+-----------------+------------+-------------+-----------------+------+-------------+------+-----+----+------+-----+---------+--------------------------------------------------------------------------------------+
| Global Id | Track | Driver Type/Pin | Constraint | Clock Loads | Non-Clock Loads | FF   | Memory LUTs | RAMB | DSP | GT | MMCM | PLL | Hard IP | Net                                                                                  |
+-----------+-------+-----------------+------------+-------------+-----------------+------+-------------+------+-----+----+------+-----+---------+--------------------------------------------------------------------------------------+
| g0        | n/a   | BUFG/O          | None       |        8542 |               0 | 8376 |         166 |    0 |   0 |  0 |    0 |   0 |       0 | SOC_i/mig_7series_0/u_SOC_mig_7series_0_0_mig/u_ddr3_infrastructure/ui_addn_clk_0    |
| g1        | n/a   | BUFG/O          | None       |        3867 |               0 | 3287 |         572 |    0 |   0 |  0 |    1 |   0 |       0 | SOC_i/mig_7series_0/u_SOC_mig_7series_0_0_mig/u_ddr3_infrastructure/u_bufg_clkdiv0_0 |
| g7        | n/a   | BUFG/O          | None       |           2 |               0 |    2 |           0 |    0 |   0 |  0 |    0 |   0 |       0 | SOC_i/mig_7series_0/u_SOC_mig_7series_0_0_mig/u_ddr3_infrastructure/mmcm_ps_clk      |
| g9        | n/a   | BUFH/O          | None       |           1 |               0 |    0 |           0 |    0 |   0 |  0 |    1 |   0 |       0 | SOC_i/mig_7series_0/u_SOC_mig_7series_0_0_mig/u_ddr3_infrastructure/pll_clk3         |
+-----------+-------+-----------------+------------+-------------+-----------------+------+-------------+------+-----+----+------+-----+---------+--------------------------------------------------------------------------------------+
* Clock Loads column represents cell count of net connects that connect to a clock pin. Internal cell leaf pins are not considered
** Non-Clock Loads column represents cell count of non-clock pin loads
*** Columns FF, LUTRAM, RAMB through 'Hard IP' represents load cell counts


24. Clock Region Cell Placement per Global Clock: Region X0Y6
-------------------------------------------------------------

+-----------+-------+-----------------+------------+-------------+-----------------+----+-------------+------+-----+----+------+-----+---------+-----------------------------------------------------------------------------------+
| Global Id | Track | Driver Type/Pin | Constraint | Clock Loads | Non-Clock Loads | FF | Memory LUTs | RAMB | DSP | GT | MMCM | PLL | Hard IP | Net                                                                               |
+-----------+-------+-----------------+------------+-------------+-----------------+----+-------------+------+-----+----+------+-----+---------+-----------------------------------------------------------------------------------+
| g0        | n/a   | BUFG/O          | None       |          81 |               0 | 81 |           0 |    0 |   0 |  0 |    0 |   0 |       0 | SOC_i/mig_7series_0/u_SOC_mig_7series_0_0_mig/u_ddr3_infrastructure/ui_addn_clk_0 |
+-----------+-------+-----------------+------------+-------------+-----------------+----+-------------+------+-----+----+------+-----+---------+-----------------------------------------------------------------------------------+
* Clock Loads column represents cell count of net connects that connect to a clock pin. Internal cell leaf pins are not considered
** Non-Clock Loads column represents cell count of non-clock pin loads
*** Columns FF, LUTRAM, RAMB through 'Hard IP' represents load cell counts


25. Clock Region Cell Placement per Global Clock: Region X1Y6
-------------------------------------------------------------

+-----------+-------+-----------------+------------+-------------+-----------------+------+-------------+------+-----+----+------+-----+---------+--------------------------------------------------------------------------------------------------------------------+
| Global Id | Track | Driver Type/Pin | Constraint | Clock Loads | Non-Clock Loads | FF   | Memory LUTs | RAMB | DSP | GT | MMCM | PLL | Hard IP | Net                                                                                                                |
+-----------+-------+-----------------+------------+-------------+-----------------+------+-------------+------+-----+----+------+-----+---------+--------------------------------------------------------------------------------------------------------------------+
| g0        | n/a   | BUFG/O          | None       |        3266 |               0 | 3266 |           0 |    0 |   0 |  0 |    0 |   0 |       0 | SOC_i/mig_7series_0/u_SOC_mig_7series_0_0_mig/u_ddr3_infrastructure/ui_addn_clk_0                                  |
| g1        | n/a   | BUFG/O          | None       |        3678 |               0 | 3608 |          21 |    0 |   0 |  0 |    0 |   0 |       0 | SOC_i/mig_7series_0/u_SOC_mig_7series_0_0_mig/u_ddr3_infrastructure/u_bufg_clkdiv0_0                               |
| g7        | n/a   | BUFG/O          | None       |          16 |               0 |   12 |           0 |    0 |   0 |  0 |    0 |   0 |       0 | SOC_i/mig_7series_0/u_SOC_mig_7series_0_0_mig/u_ddr3_infrastructure/mmcm_ps_clk                                    |
| g8        | n/a   | BUFG/O          | None       |           1 |               0 |    0 |           0 |    0 |   0 |  0 |    0 |   0 |       0 | SOC_i/mig_7series_0/u_SOC_mig_7series_0_0_mig/u_iodelay_ctrl/clk_ref_300_400_en.clk_ref_400.u_bufg_clk_ref_400_n_0 |
+-----------+-------+-----------------+------------+-------------+-----------------+------+-------------+------+-----+----+------+-----+---------+--------------------------------------------------------------------------------------------------------------------+
* Clock Loads column represents cell count of net connects that connect to a clock pin. Internal cell leaf pins are not considered
** Non-Clock Loads column represents cell count of non-clock pin loads
*** Columns FF, LUTRAM, RAMB through 'Hard IP' represents load cell counts



# Location of BUFG Primitives 
set_property LOC BUFGCTRL_X0Y0 [get_cells SOC_i/mig_7series_0/u_SOC_mig_7series_0_0_mig/u_iodelay_ctrl/clk_ref_300_400_en.clk_ref_400.u_bufg_clk_ref_400]
set_property LOC BUFGCTRL_X0Y19 [get_cells SOC_i/mig_7series_0/u_SOC_mig_7series_0_0_mig/u_iodelay_ctrl/clk_ref_200.u_bufg_clk_ref]
set_property LOC BUFGCTRL_X0Y18 [get_cells SOC_i/mig_7series_0/u_SOC_mig_7series_0_0_mig/u_ddr3_infrastructure/gen_ui_extra_clocks.u_bufg_ui_addn_clk_0]
set_property LOC BUFGCTRL_X0Y16 [get_cells SOC_i/mig_7series_0/u_SOC_mig_7series_0_0_mig/u_ddr3_infrastructure/u_bufg_clkdiv0]
set_property LOC BUFGCTRL_X0Y17 [get_cells SOC_i/mig_7series_0/u_SOC_mig_7series_0_0_mig/u_ddr3_infrastructure/gen_ui_extra_clocks.u_bufg_mmcm_ps_clk]
set_property LOC BUFGCTRL_X0Y2 [get_cells SOC_i/mdm_1/U0/Use_JTAG_BSCAN.BUFG_JTAG_TCK/Using_FPGA.Native]
set_property LOC BUFGCTRL_X0Y4 [get_cells SOC_i/mdm_1/U0/Use_E2.BSCAN_I/tck_BUFG_inst]
set_property LOC BUFGCTRL_X0Y3 [get_cells SOC_i/mdm_1/U0/MDM_Core_I1/JTAG_CONTROL_I/Test_Access_Port.BUFG_UPDATE/Using_FPGA.Native]
set_property LOC BUFGCTRL_X0Y1 [get_cells SOC_i/mdm_1/U0/MDM_Core_I1/JTAG_CONTROL_I/Test_Access_Port.BUFG_DRCK/Using_FPGA.Native]

# Location of BUFH Primitives 
set_property LOC BUFHCE_X1Y60 [get_cells SOC_i/mig_7series_0/u_SOC_mig_7series_0_0_mig/u_ddr3_infrastructure/u_bufh_pll_clk3]

# Location of IO Primitives which is load of clock spine

# Location of clock ports
set_property LOC IOB_X1Y275 [get_ports sys_diff_clock_clk_n]
set_property LOC IOB_X1Y276 [get_ports sys_diff_clock_clk_p]

# Clock net "SOC_i/mig_7series_0/u_SOC_mig_7series_0_0_mig/u_iodelay_ctrl/clk_ref_300_400_en.clk_ref_400.u_bufg_clk_ref_400_n_0" driven by instance "SOC_i/mig_7series_0/u_SOC_mig_7series_0_0_mig/u_iodelay_ctrl/clk_ref_300_400_en.clk_ref_400.u_bufg_clk_ref_400" located at site "BUFGCTRL_X0Y0"
#startgroup
create_pblock {CLKAG_SOC_i/mig_7series_0/u_SOC_mig_7series_0_0_mig/u_iodelay_ctrl/clk_ref_300_400_en.clk_ref_400.u_bufg_clk_ref_400_n_0}
add_cells_to_pblock [get_pblocks  {CLKAG_SOC_i/mig_7series_0/u_SOC_mig_7series_0_0_mig/u_iodelay_ctrl/clk_ref_300_400_en.clk_ref_400.u_bufg_clk_ref_400_n_0}] [get_cells -filter { PRIMITIVE_GROUP != I/O && IS_PRIMITIVE==1 && PRIMITIVE_LEVEL !=INTERNAL } -of_object [get_pins -filter {DIRECTION==IN} -of_objects [get_nets -hierarchical -filter {PARENT=="SOC_i/mig_7series_0/u_SOC_mig_7series_0_0_mig/u_iodelay_ctrl/clk_ref_300_400_en.clk_ref_400.u_bufg_clk_ref_400_n_0"}]]]
resize_pblock [get_pblocks {CLKAG_SOC_i/mig_7series_0/u_SOC_mig_7series_0_0_mig/u_iodelay_ctrl/clk_ref_300_400_en.clk_ref_400.u_bufg_clk_ref_400_n_0}] -add {CLOCKREGION_X1Y3:CLOCKREGION_X1Y3 CLOCKREGION_X1Y4:CLOCKREGION_X1Y4 CLOCKREGION_X1Y6:CLOCKREGION_X1Y6}
#endgroup

# Clock net "SOC_i/mig_7series_0/u_SOC_mig_7series_0_0_mig/u_iodelay_ctrl/CLK" driven by instance "SOC_i/mig_7series_0/u_SOC_mig_7series_0_0_mig/u_iodelay_ctrl/clk_ref_200.u_bufg_clk_ref" located at site "BUFGCTRL_X0Y19"
#startgroup
create_pblock {CLKAG_SOC_i/mig_7series_0/u_SOC_mig_7series_0_0_mig/u_iodelay_ctrl/CLK}
add_cells_to_pblock [get_pblocks  {CLKAG_SOC_i/mig_7series_0/u_SOC_mig_7series_0_0_mig/u_iodelay_ctrl/CLK}] [get_cells -filter { PRIMITIVE_GROUP != I/O && IS_PRIMITIVE==1 && PRIMITIVE_LEVEL !=INTERNAL } -of_object [get_pins -filter {DIRECTION==IN} -of_objects [get_nets -hierarchical -filter {PARENT=="SOC_i/mig_7series_0/u_SOC_mig_7series_0_0_mig/u_iodelay_ctrl/CLK"}]]]
resize_pblock [get_pblocks {CLKAG_SOC_i/mig_7series_0/u_SOC_mig_7series_0_0_mig/u_iodelay_ctrl/CLK}] -add {CLOCKREGION_X0Y2:CLOCKREGION_X0Y2 CLOCKREGION_X0Y3:CLOCKREGION_X0Y3}
#endgroup

# Clock net "SOC_i/mig_7series_0/u_SOC_mig_7series_0_0_mig/u_ddr3_infrastructure/ui_addn_clk_0" driven by instance "SOC_i/mig_7series_0/u_SOC_mig_7series_0_0_mig/u_ddr3_infrastructure/gen_ui_extra_clocks.u_bufg_ui_addn_clk_0" located at site "BUFGCTRL_X0Y18"
#startgroup
create_pblock {CLKAG_SOC_i/mig_7series_0/u_SOC_mig_7series_0_0_mig/u_ddr3_infrastructure/ui_addn_clk_0}
add_cells_to_pblock [get_pblocks  {CLKAG_SOC_i/mig_7series_0/u_SOC_mig_7series_0_0_mig/u_ddr3_infrastructure/ui_addn_clk_0}] [get_cells -filter { PRIMITIVE_GROUP != I/O && IS_PRIMITIVE==1 && PRIMITIVE_LEVEL !=INTERNAL } -of_object [get_pins -filter {DIRECTION==IN} -of_objects [get_nets -hierarchical -filter {PARENT=="SOC_i/mig_7series_0/u_SOC_mig_7series_0_0_mig/u_ddr3_infrastructure/ui_addn_clk_0"}]]]
resize_pblock [get_pblocks {CLKAG_SOC_i/mig_7series_0/u_SOC_mig_7series_0_0_mig/u_ddr3_infrastructure/ui_addn_clk_0}] -add {CLOCKREGION_X0Y3:CLOCKREGION_X0Y3 CLOCKREGION_X0Y4:CLOCKREGION_X0Y4 CLOCKREGION_X0Y5:CLOCKREGION_X0Y5 CLOCKREGION_X0Y6:CLOCKREGION_X0Y6 CLOCKREGION_X1Y3:CLOCKREGION_X1Y3 CLOCKREGION_X1Y4:CLOCKREGION_X1Y4 CLOCKREGION_X1Y5:CLOCKREGION_X1Y5 CLOCKREGION_X1Y6:CLOCKREGION_X1Y6}
#endgroup

# Clock net "SOC_i/mig_7series_0/u_SOC_mig_7series_0_0_mig/u_ddr3_infrastructure/u_bufg_clkdiv0_0" driven by instance "SOC_i/mig_7series_0/u_SOC_mig_7series_0_0_mig/u_ddr3_infrastructure/u_bufg_clkdiv0" located at site "BUFGCTRL_X0Y16"
#startgroup
create_pblock {CLKAG_SOC_i/mig_7series_0/u_SOC_mig_7series_0_0_mig/u_ddr3_infrastructure/u_bufg_clkdiv0_0}
add_cells_to_pblock [get_pblocks  {CLKAG_SOC_i/mig_7series_0/u_SOC_mig_7series_0_0_mig/u_ddr3_infrastructure/u_bufg_clkdiv0_0}] [get_cells -filter { PRIMITIVE_GROUP != I/O && IS_PRIMITIVE==1 && PRIMITIVE_LEVEL !=INTERNAL && NAME!=SOC_i/mig_7series_0/u_SOC_mig_7series_0_0_mig/u_ddr3_infrastructure/gen_ui_extra_clocks.mmcm_i} -of_object [get_pins -filter {DIRECTION==IN} -of_objects [get_nets -hierarchical -filter {PARENT=="SOC_i/mig_7series_0/u_SOC_mig_7series_0_0_mig/u_ddr3_infrastructure/u_bufg_clkdiv0_0"}]]]
resize_pblock [get_pblocks {CLKAG_SOC_i/mig_7series_0/u_SOC_mig_7series_0_0_mig/u_ddr3_infrastructure/u_bufg_clkdiv0_0}] -add {CLOCKREGION_X0Y5:CLOCKREGION_X0Y5 CLOCKREGION_X1Y3:CLOCKREGION_X1Y3 CLOCKREGION_X1Y4:CLOCKREGION_X1Y4 CLOCKREGION_X1Y5:CLOCKREGION_X1Y5 CLOCKREGION_X1Y6:CLOCKREGION_X1Y6}
#endgroup

# Clock net "SOC_i/mig_7series_0/u_SOC_mig_7series_0_0_mig/u_ddr3_infrastructure/mmcm_ps_clk" driven by instance "SOC_i/mig_7series_0/u_SOC_mig_7series_0_0_mig/u_ddr3_infrastructure/gen_ui_extra_clocks.u_bufg_mmcm_ps_clk" located at site "BUFGCTRL_X0Y17"
#startgroup
create_pblock {CLKAG_SOC_i/mig_7series_0/u_SOC_mig_7series_0_0_mig/u_ddr3_infrastructure/mmcm_ps_clk}
add_cells_to_pblock [get_pblocks  {CLKAG_SOC_i/mig_7series_0/u_SOC_mig_7series_0_0_mig/u_ddr3_infrastructure/mmcm_ps_clk}] [get_cells -filter { PRIMITIVE_GROUP != I/O && IS_PRIMITIVE==1 && PRIMITIVE_LEVEL !=INTERNAL } -of_object [get_pins -filter {DIRECTION==IN} -of_objects [get_nets -hierarchical -filter {PARENT=="SOC_i/mig_7series_0/u_SOC_mig_7series_0_0_mig/u_ddr3_infrastructure/mmcm_ps_clk"}]]]
resize_pblock [get_pblocks {CLKAG_SOC_i/mig_7series_0/u_SOC_mig_7series_0_0_mig/u_ddr3_infrastructure/mmcm_ps_clk}] -add {CLOCKREGION_X1Y4:CLOCKREGION_X1Y4 CLOCKREGION_X1Y5:CLOCKREGION_X1Y5 CLOCKREGION_X1Y6:CLOCKREGION_X1Y6}
#endgroup

# Clock net "SOC_i/mdm_1/U0/Use_JTAG_BSCAN.BUFG_JTAG_TCK/Use_JTAG_BSCAN.tck_int" driven by instance "SOC_i/mdm_1/U0/Use_JTAG_BSCAN.BUFG_JTAG_TCK/Using_FPGA.Native" located at site "BUFGCTRL_X0Y2"
#startgroup
create_pblock {CLKAG_SOC_i/mdm_1/U0/Use_JTAG_BSCAN.BUFG_JTAG_TCK/Use_JTAG_BSCAN.tck_int}
add_cells_to_pblock [get_pblocks  {CLKAG_SOC_i/mdm_1/U0/Use_JTAG_BSCAN.BUFG_JTAG_TCK/Use_JTAG_BSCAN.tck_int}] [get_cells -filter { PRIMITIVE_GROUP != I/O && IS_PRIMITIVE==1 && PRIMITIVE_LEVEL !=INTERNAL && NAME!=SOC_i/mdm_1/U0/MDM_Core_I1/JTAG_CONTROL_I/Test_Access_Port.BUFG_DRCK/Using_FPGA.Native} -of_object [get_pins -filter {DIRECTION==IN} -of_objects [get_nets -hierarchical -filter {PARENT=="SOC_i/mdm_1/U0/Use_JTAG_BSCAN.BUFG_JTAG_TCK/Use_JTAG_BSCAN.tck_int"}]]]
resize_pblock [get_pblocks {CLKAG_SOC_i/mdm_1/U0/Use_JTAG_BSCAN.BUFG_JTAG_TCK/Use_JTAG_BSCAN.tck_int}] -add {CLOCKREGION_X1Y4:CLOCKREGION_X1Y4}
#endgroup

# Clock net "SOC_i/mdm_1/U0/Use_E2.BSCAN_I/tck_BUFG" driven by instance "SOC_i/mdm_1/U0/Use_E2.BSCAN_I/tck_BUFG_inst" located at site "BUFGCTRL_X0Y4"
#startgroup
create_pblock {CLKAG_SOC_i/mdm_1/U0/Use_E2.BSCAN_I/tck_BUFG}
add_cells_to_pblock [get_pblocks  {CLKAG_SOC_i/mdm_1/U0/Use_E2.BSCAN_I/tck_BUFG}] [get_cells -filter { PRIMITIVE_GROUP != I/O && IS_PRIMITIVE==1 && PRIMITIVE_LEVEL !=INTERNAL } -of_object [get_pins -filter {DIRECTION==IN} -of_objects [get_nets -hierarchical -filter {PARENT=="SOC_i/mdm_1/U0/Use_E2.BSCAN_I/tck_BUFG"}]]]
resize_pblock [get_pblocks {CLKAG_SOC_i/mdm_1/U0/Use_E2.BSCAN_I/tck_BUFG}] -add {CLOCKREGION_X0Y4:CLOCKREGION_X0Y4 CLOCKREGION_X1Y4:CLOCKREGION_X1Y4}
#endgroup

# Clock net "SOC_i/mdm_1/U0/MDM_Core_I1/JTAG_CONTROL_I/Test_Access_Port.BUFG_UPDATE/Using_FPGA.Native_0" driven by instance "SOC_i/mdm_1/U0/MDM_Core_I1/JTAG_CONTROL_I/Test_Access_Port.BUFG_UPDATE/Using_FPGA.Native" located at site "BUFGCTRL_X0Y3"
#startgroup
create_pblock {CLKAG_SOC_i/mdm_1/U0/MDM_Core_I1/JTAG_CONTROL_I/Test_Access_Port.BUFG_UPDATE/Using_FPGA.Native_0}
add_cells_to_pblock [get_pblocks  {CLKAG_SOC_i/mdm_1/U0/MDM_Core_I1/JTAG_CONTROL_I/Test_Access_Port.BUFG_UPDATE/Using_FPGA.Native_0}] [get_cells -filter { PRIMITIVE_GROUP != I/O && IS_PRIMITIVE==1 && PRIMITIVE_LEVEL !=INTERNAL } -of_object [get_pins -filter {DIRECTION==IN} -of_objects [get_nets -hierarchical -filter {PARENT=="SOC_i/mdm_1/U0/MDM_Core_I1/JTAG_CONTROL_I/Test_Access_Port.BUFG_UPDATE/Using_FPGA.Native_0"}]]]
resize_pblock [get_pblocks {CLKAG_SOC_i/mdm_1/U0/MDM_Core_I1/JTAG_CONTROL_I/Test_Access_Port.BUFG_UPDATE/Using_FPGA.Native_0}] -add {CLOCKREGION_X1Y3:CLOCKREGION_X1Y3 CLOCKREGION_X1Y4:CLOCKREGION_X1Y4}
#endgroup

# Clock net "SOC_i/mdm_1/U0/MDM_Core_I1/JTAG_CONTROL_I/Test_Access_Port.BUFG_DRCK/Using_FPGA.Native_0" driven by instance "SOC_i/mdm_1/U0/MDM_Core_I1/JTAG_CONTROL_I/Test_Access_Port.BUFG_DRCK/Using_FPGA.Native" located at site "BUFGCTRL_X0Y1"
#startgroup
create_pblock {CLKAG_SOC_i/mdm_1/U0/MDM_Core_I1/JTAG_CONTROL_I/Test_Access_Port.BUFG_DRCK/Using_FPGA.Native_0}
add_cells_to_pblock [get_pblocks  {CLKAG_SOC_i/mdm_1/U0/MDM_Core_I1/JTAG_CONTROL_I/Test_Access_Port.BUFG_DRCK/Using_FPGA.Native_0}] [get_cells -filter { PRIMITIVE_GROUP != I/O && IS_PRIMITIVE==1 && PRIMITIVE_LEVEL !=INTERNAL } -of_object [get_pins -filter {DIRECTION==IN} -of_objects [get_nets -hierarchical -filter {PARENT=="SOC_i/mdm_1/U0/MDM_Core_I1/JTAG_CONTROL_I/Test_Access_Port.BUFG_DRCK/Using_FPGA.Native_0"}]]]
resize_pblock [get_pblocks {CLKAG_SOC_i/mdm_1/U0/MDM_Core_I1/JTAG_CONTROL_I/Test_Access_Port.BUFG_DRCK/Using_FPGA.Native_0}] -add {CLOCKREGION_X1Y3:CLOCKREGION_X1Y3 CLOCKREGION_X1Y4:CLOCKREGION_X1Y4}
#endgroup
